<?xml version="1.0" encoding="UTF-8"?>
<!-- Generated by org.testng.reporters.JUnitReportReporter -->
<testsuite hostname="LAPTOP-9JB0BLCJ" failures="0" tests="2" name="avantage.entertainment.testcases.LoginTestCases" time="33.099" errors="0" timestamp="2025-07-04T08:33:55 CDT" skipped="0">
  <testcase classname="avantage.entertainment.testcases.LoginTestCases" name="loginWithEmailValidInvalidUsers" time="17.769"/>
  <testcase classname="avantage.entertainment.testcases.LoginTestCases" name="loginWithEmailValidInvalidUsers" time="15.330"/>
</testsuite> <!-- avantage.entertainment.testcases.LoginTestCases -->
