<?xml version="1.0" encoding="UTF-8"?>
<!-- Generated by org.testng.reporters.JUnitReportReporter -->
<testsuite hostname="LAPTOP-9JB0BLCJ" failures="0" tests="2" name="avantage.entertainment.testcases.HomePageTestCases" time="21.892" errors="0" timestamp="2025-07-04T08:32:29 CDT" skipped="0">
  <testcase classname="avantage.entertainment.testcases.HomePageTestCases" name="verifyHeaderElementsInHomePage" time="14.310"/>
  <testcase classname="avantage.entertainment.testcases.HomePageTestCases" name="verifyHeaderElementsInHomePage" time="7.582"/>
</testsuite> <!-- avantage.entertainment.testcases.HomePageTestCases -->
