<?xml version="1.0" encoding="UTF-8"?>
<!-- Generated by org.testng.reporters.JUnitReportReporter -->
<testsuite hostname="LAPTOP-9JB0BLCJ" failures="0" tests="1" name="avantage.entertainment.testcases.LoginTestCases" time="11.476" errors="0" timestamp="2025-07-09T17:02:11 CDT" skipped="0">
  <testcase classname="avantage.entertainment.testcases.LoginTestCases" name="loginWithEmailValidUsers" time="11.476"/>
</testsuite> <!-- avantage.entertainment.testcases.LoginTestCases -->
