<?xml version="1.0" encoding="UTF-8"?>
<!-- Generated by org.testng.reporters.JUnitReportReporter -->
<testsuite hostname="LAPTOP-9JB0BLCJ" failures="0" tests="1" name="avantage.entertainment.testcases.LoginTestCases" time="10.135" errors="0" timestamp="2025-07-09T22:25:18 CDT" skipped="0">
  <testcase classname="avantage.entertainment.testcases.LoginTestCases" name="loginWithEmailValidUsers" time="10.135"/>
</testsuite> <!-- avantage.entertainment.testcases.LoginTestCases -->
