<?xml version="1.0" encoding="UTF-8"?>
<!-- Generated by org.testng.reporters.JUnitReportReporter -->
<testsuite hostname="LAPTOP-9JB0BLCJ" failures="0" tests="2" name="avantage.entertainment.testcases.LoginTestCases" time="22.815" errors="0" timestamp="2025-07-10T14:53:28 CDT" skipped="0">
  <testcase classname="avantage.entertainment.testcases.LoginTestCases" name="loginWithEmailValidInvalidUsers" time="9.890"/>
  <testcase classname="avantage.entertainment.testcases.LoginTestCases" name="loginWithEmailValidInvalidUsers" time="12.925"/>
</testsuite> <!-- avantage.entertainment.testcases.LoginTestCases -->
