<?xml version="1.0" encoding="UTF-8"?>
<!-- Generated by org.testng.reporters.JUnitReportReporter -->
<testsuite hostname="LAPTOP-9JB0BLCJ" failures="0" tests="2" name="avantage.entertainment.testcases.HomePageTestCases" time="35.519" errors="0" timestamp="2025-07-04T14:45:22 CDT" skipped="0">
  <testcase classname="avantage.entertainment.testcases.HomePageTestCases" name="verifyHeaderElementsInHomePage" time="11.057"/>
  <testcase classname="avantage.entertainment.testcases.HomePageTestCases" name="verifyHeaderElementsInHomePage" time="24.462"/>
</testsuite> <!-- avantage.entertainment.testcases.HomePageTestCases -->
