<?xml version="1.0" encoding="UTF-8"?>
<!-- Generated by org.testng.reporters.JUnitReportReporter -->
<testsuite hostname="LAPTOP-9JB0BLCJ" failures="0" tests="1" name="avantage.entertainment.testcases.HomePageTestCases" time="9.426" errors="0" timestamp="2025-07-09T22:41:41 CDT" skipped="0">
  <testcase classname="avantage.entertainment.testcases.HomePageTestCases" name="verifyHeaderElementsInHomePage" time="9.426"/>
</testsuite> <!-- avantage.entertainment.testcases.HomePageTestCases -->
